npm run test-single-chrome-headless

> topcoder-account-e2e@1.0.0 test-single-chrome-headless /opt/subs/01-submission-325991
> ./node_modules/protractor/bin/webdriver-manager update --versions.chrome=$(google-chrome --version | cut -d ' ' -f 3) && npm run tsc && protractor dist/protractor-conf-chrome-headless.js

[08:14:47] I/file_manager - creating folder /opt/subs/01-submission-325991/node_modules/protractor/node_modules/webdriver-manager/selenium
[08:14:47] I/config_source - curl -o/opt/subs/01-submission-325991/node_modules/protractor/node_modules/webdriver-manager/selenium/standalone-response.xml https://selenium-release.storage.googleapis.com/
[08:14:47] I/config_source - curl -o/opt/subs/01-submission-325991/node_modules/protractor/node_modules/webdriver-manager/selenium/chrome-response.xml https://chromedriver.storage.googleapis.com/
[08:14:47] I/config_source - curl -o/opt/subs/01-submission-325991/node_modules/protractor/node_modules/webdriver-manager/selenium/gecko-response.json https://api.github.com/repos/mozilla/geckodriver/releases
[08:14:47] I/downloader - curl -o/opt/subs/01-submission-325991/node_modules/protractor/node_modules/webdriver-manager/selenium/chromedriver_77.0.3865.90.zip https://chromedriver.storage.googleapis.com/77.0.3865.40/chromedriver_linux64.zip
[08:14:48] I/update - chromedriver: unzipping chromedriver_77.0.3865.90.zip
[08:14:48] I/update - chromedriver: setting permissions to 0755 for /opt/subs/01-submission-325991/node_modules/protractor/node_modules/webdriver-manager/selenium/chromedriver_77.0.3865.90
[08:14:48] I/downloader - curl -o/opt/subs/01-submission-325991/node_modules/protractor/node_modules/webdriver-manager/selenium/selenium-server-standalone-3.141.59.jar https://selenium-release.storage.googleapis.com/3.141/selenium-server-standalone-3.141.59.jar
[08:14:48] I/downloader - curl -o/opt/subs/01-submission-325991/node_modules/protractor/node_modules/webdriver-manager/selenium/geckodriver-v0.25.0.tar.gz https://github.com/mozilla/geckodriver/releases/download/v0.25.0/geckodriver-v0.25.0-linux64.tar.gz
[08:14:49] I/update - geckodriver: unzipping geckodriver-v0.25.0.tar.gz
[08:14:49] I/update - geckodriver: setting permissions to 0755 for /opt/subs/01-submission-325991/node_modules/protractor/node_modules/webdriver-manager/selenium/geckodriver-v0.25.0

> topcoder-account-e2e@1.0.0 tsc /opt/subs/01-submission-325991
> tsc --skipLibCheck

[08:14:52] I/launcher - Running 1 instances of WebDriver
[08:14:52] I/direct - Using ChromeDriver directly...
Jasmine started
(node:20541) UnhandledPromiseRejectionWarning: TimeoutError: Wait timed out after 35001ms
    at /opt/subs/01-submission-325991/node_modules/selenium-webdriver/lib/promise.js:2201:17
    at ManagedPromise.invokeCallback_ (/opt/subs/01-submission-325991/node_modules/selenium-webdriver/lib/promise.js:1376:14)
    at TaskQueue.execute_ (/opt/subs/01-submission-325991/node_modules/selenium-webdriver/lib/promise.js:3084:14)
    at TaskQueue.executeNext_ (/opt/subs/01-submission-325991/node_modules/selenium-webdriver/lib/promise.js:3067:27)
    at asyncRun (/opt/subs/01-submission-325991/node_modules/selenium-webdriver/lib/promise.js:2927:27)
    at /opt/subs/01-submission-325991/node_modules/selenium-webdriver/lib/promise.js:668:7
    at <anonymous>
    at process._tickCallback (internal/process/next_tick.js:189:7)
From: Task: <anonymous wait>
    at scheduleWait (/opt/subs/01-submission-325991/node_modules/selenium-webdriver/lib/promise.js:2188:20)
    at ControlFlow.wait (/opt/subs/01-submission-325991/node_modules/selenium-webdriver/lib/promise.js:2517:12)
    at Driver.wait (/opt/subs/01-submission-325991/node_modules/selenium-webdriver/lib/webdriver.js:934:29)
    at run (/opt/subs/01-submission-325991/node_modules/protractor/built/browser.js:59:33)
    at ProtractorBrowser.to.(anonymous function) [as wait] (/opt/subs/01-submission-325991/node_modules/protractor/built/browser.js:67:16)
    at LoginPage.<anonymous> (/opt/subs/01-submission-325991/e2e/login.po.ts:71:24)
    at Generator.next (<anonymous>)
    at /opt/subs/01-submission-325991/dist/e2e/login.po.js:8:71
    at new Promise (<anonymous>)
    at __awaiter (/opt/subs/01-submission-325991/dist/e2e/login.po.js:4:12)
(node:20541) UnhandledPromiseRejectionWarning: Unhandled promise rejection. This error originated either by throwing inside of an async function without a catch block, or by rejecting a promise which was not handled with .catch(). (rejection id: 1)
(node:20541) [DEP0018] DeprecationWarning: Unhandled promise rejections are deprecated. In the future, promise rejections that are not handled will terminate the Node.js process with a non-zero exit code.


A Jasmine spec timed out. Resetting the WebDriver Control Flow.
A Jasmine spec timed out. Resetting the WebDriver Control Flow.
A Jasmine spec timed out. Resetting the WebDriver Control Flow.

  1 Login Page
    ? TC_001 - To verify user is able to login successfully using username (6 mins 2 secs)
      - Error: Timeout - Async callback was not invoked within timeout specified by jasmine.DEFAULT_TIMEOUT_INTERVAL.
      - Error: Timeout - Async callback was not invoked within timeout specified by jasmine.DEFAULT_TIMEOUT_INTERVAL.
      - Error: Timeout - Async callback was not invoked within timeout specified by jasmine.DEFAULT_TIMEOUT_INTERVAL.
(node:20541) UnhandledPromiseRejectionWarning: TimeoutError: Wait timed out after 35010ms
    at /opt/subs/01-submission-325991/node_modules/selenium-webdriver/lib/promise.js:2201:17
    at ManagedPromise.invokeCallback_ (/opt/subs/01-submission-325991/node_modules/selenium-webdriver/lib/promise.js:1376:14)
    at TaskQueue.execute_ (/opt/subs/01-submission-325991/node_modules/selenium-webdriver/lib/promise.js:3084:14)
    at TaskQueue.executeNext_ (/opt/subs/01-submission-325991/node_modules/selenium-webdriver/lib/promise.js:3067:27)
    at asyncRun (/opt/subs/01-submission-325991/node_modules/selenium-webdriver/lib/promise.js:2927:27)
    at /opt/subs/01-submission-325991/node_modules/selenium-webdriver/lib/promise.js:668:7
    at <anonymous>
    at process._tickCallback (internal/process/next_tick.js:189:7)
From: Task: <anonymous wait>
    at scheduleWait (/opt/subs/01-submission-325991/node_modules/selenium-webdriver/lib/promise.js:2188:20)
    at ControlFlow.wait (/opt/subs/01-submission-325991/node_modules/selenium-webdriver/lib/promise.js:2517:12)
    at Driver.wait (/opt/subs/01-submission-325991/node_modules/selenium-webdriver/lib/webdriver.js:934:29)
    at run (/opt/subs/01-submission-325991/node_modules/protractor/built/browser.js:59:33)
    at ProtractorBrowser.to.(anonymous function) [as wait] (/opt/subs/01-submission-325991/node_modules/protractor/built/browser.js:67:16)
    at LoginPage.<anonymous> (/opt/subs/01-submission-325991/e2e/login.po.ts:71:24)
    at Generator.next (<anonymous>)
    at /opt/subs/01-submission-325991/dist/e2e/login.po.js:8:71
    at new Promise (<anonymous>)
    at __awaiter (/opt/subs/01-submission-325991/dist/e2e/login.po.js:4:12)
(node:20541) UnhandledPromiseRejectionWarning: Unhandled promise rejection. This error originated either by throwing inside of an async function without a catch block, or by rejecting a promise which was not handled with .catch(). (rejection id: 2)